[2025-08-26 16:10:22] [INFO] net.dv8tion.jda.api.JDA - Login Successful!
[2025-08-26 16:10:22] [INFO] amar.oreo.util.amarlogger - Bot is starting...
[2025-08-26 16:10:23] [INFO] net.dv8tion.jda.internal.requests.WebSocketClient - Connected to WebSocket
[2025-08-26 16:10:25] [INFO] net.dv8tion.jda.api.JDA - Finished Loading!
[2025-08-26 16:25:45] [WARN] net.dv8tion.jda.internal.requests.WebSocketClient - Reconnect failed! Next attempt in 2s
[2025-08-26 16:25:47] [WARN] net.dv8tion.jda.internal.requests.WebSocketClient - Reconnect failed! Next attempt in 4s
[2025-08-26 16:25:51] [WARN] net.dv8tion.jda.internal.requests.WebSocketClient - Reconnect failed! Next attempt in 8s
[2025-08-26 16:25:59] [WARN] net.dv8tion.jda.internal.requests.WebSocketClient - Reconnect failed! Next attempt in 16s
[2025-08-26 16:26:28] [WARN] net.dv8tion.jda.internal.requests.WebSocketClient - Reconnect failed! Next attempt in 32s
[2025-08-26 16:27:08] [WARN] net.dv8tion.jda.internal.requests.WebSocketClient - Reconnect failed! Next attempt in 64s
[2025-08-26 16:28:14] [WARN] net.dv8tion.jda.internal.requests.WebSocketClient - Got disconnected from WebSocket (Code 1000). Appending to reconnect queue
[2025-08-26 16:30:07] [INFO] net.dv8tion.jda.api.JDA - Login Successful!
[2025-08-26 16:30:08] [INFO] amar.oreo.util.amarlogger - Bot is starting...
[2025-08-26 16:30:08] [INFO] net.dv8tion.jda.internal.requests.WebSocketClient - Connected to WebSocket
[2025-08-26 16:30:09] [INFO] net.dv8tion.jda.api.JDA - Finished Loading!
[2025-08-26 16:30:23] [INFO] net.dv8tion.jda.internal.requests.WebSocketClient - Connected to WebSocket
[2025-08-26 16:30:24] [INFO] net.dv8tion.jda.api.JDA - Finished (Re)Loading!
[2025-08-26 18:01:16] [INFO] net.dv8tion.jda.api.JDA - Login Successful!
[2025-08-26 18:01:16] [INFO] amar.oreo.util.amarlogger - Bot is starting...
[2025-08-26 18:01:20] [INFO] net.dv8tion.jda.internal.requests.WebSocketClient - Connected to WebSocket
[2025-08-26 18:01:23] [INFO] net.dv8tion.jda.api.JDA - Finished Loading!
[2025-08-26 19:55:45] [WARN] net.dv8tion.jda.internal.requests.WebSocketClient - Reconnect failed! Next attempt in 2s
[2025-08-26 19:57:06] [WARN] net.dv8tion.jda.internal.requests.WebSocketClient - Missed 2 heartbeats! Trying to reconnect...
[2025-08-26 19:57:10] [WARN] net.dv8tion.jda.internal.requests.WebSocketClient - Got disconnected from WebSocket (Code 1000). Appending to reconnect queue
[2025-08-26 20:07:56] [WARN] net.dv8tion.jda.internal.requests.WebSocketClient - Reconnect failed! Next attempt in 4s
[2025-08-26 20:08:00] [WARN] net.dv8tion.jda.internal.requests.WebSocketClient - Reconnect failed! Next attempt in 8s
[2025-08-26 20:12:09] [INFO] net.dv8tion.jda.internal.requests.WebSocketClient - Connected to WebSocket
[2025-08-26 20:12:11] [INFO] net.dv8tion.jda.api.JDA - Finished (Re)Loading!
[2025-08-26 20:24:44] [WARN] net.dv8tion.jda.internal.requests.WebSocketClient - Reconnect failed! Next attempt in 2s
[2025-08-26 20:30:58] [WARN] net.dv8tion.jda.internal.requests.WebSocketClient - Reconnect failed! Next attempt in 2s
[2025-08-26 20:31:00] [WARN] net.dv8tion.jda.internal.requests.WebSocketClient - Reconnect failed! Next attempt in 4s
[2025-08-26 20:32:48] [WARN] net.dv8tion.jda.internal.requests.WebSocketClient - Reconnect failed! Next attempt in 2s
[2025-08-26 20:32:53] [WARN] net.dv8tion.jda.internal.requests.WebSocketClient - Reconnect failed! Next attempt in 4s
[2025-08-26 20:32:57] [WARN] net.dv8tion.jda.internal.requests.WebSocketClient - Reconnect failed! Next attempt in 8s
[2025-08-26 21:20:49] [WARN] net.dv8tion.jda.internal.requests.WebSocketClient - Reconnect failed! Next attempt in 2s
[2025-08-26 21:21:04] [WARN] net.dv8tion.jda.internal.requests.WebSocketClient - Reconnect failed! Next attempt in 4s
[2025-08-26 21:21:27] [WARN] net.dv8tion.jda.internal.requests.WebSocketClient - Reconnect failed! Next attempt in 8s
[2025-08-26 21:21:40] [WARN] net.dv8tion.jda.internal.requests.WebSocketClient - Reconnect failed! Next attempt in 16s
[2025-08-26 21:21:56] [WARN] net.dv8tion.jda.internal.requests.WebSocketClient - Reconnect failed! Next attempt in 32s
[2025-08-26 21:22:40] [WARN] net.dv8tion.jda.internal.requests.WebSocketClient - Reconnect failed! Next attempt in 64s
[2025-08-26 21:24:23] [WARN] net.dv8tion.jda.internal.requests.WebSocketClient - Reconnect failed! Next attempt in 128s
[2025-08-26 21:26:32] [WARN] net.dv8tion.jda.internal.requests.WebSocketClient - Got disconnected from WebSocket (Code 1000). Appending to reconnect queue
[2025-08-26 21:30:48] [WARN] net.dv8tion.jda.internal.requests.WebSocketClient - Reconnect failed! Next attempt in 512s
[2025-08-26 21:39:20] [INFO] net.dv8tion.jda.internal.requests.WebSocketClient - Connected to WebSocket
[2025-08-26 21:39:21] [INFO] net.dv8tion.jda.api.JDA - Finished (Re)Loading!
[2025-08-26 21:45:36] [WARN] net.dv8tion.jda.internal.requests.WebSocketClient - Reconnect failed! Next attempt in 2s
[2025-08-26 21:45:42] [WARN] net.dv8tion.jda.internal.requests.WebSocketClient - Reconnect failed! Next attempt in 4s
[2025-08-26 21:46:04] [WARN] net.dv8tion.jda.internal.requests.WebSocketClient - Reconnect failed! Next attempt in 8s
[2025-08-26 21:46:44] [WARN] net.dv8tion.jda.internal.requests.WebSocketClient - Reconnect failed! Next attempt in 16s
[2025-08-26 21:48:00] [WARN] net.dv8tion.jda.internal.requests.WebSocketClient - Reconnect failed! Next attempt in 32s
[2025-08-26 21:49:18] [WARN] net.dv8tion.jda.internal.requests.WebSocketClient - Reconnect failed! Next attempt in 64s
[2025-08-26 21:52:13] [WARN] net.dv8tion.jda.internal.requests.WebSocketClient - Reconnect failed! Next attempt in 128s
[2025-08-26 21:54:22] [WARN] net.dv8tion.jda.internal.requests.WebSocketClient - Got disconnected from WebSocket (Code 1000). Appending to reconnect queue
[2025-08-26 21:58:42] [INFO] net.dv8tion.jda.internal.requests.WebSocketClient - Connected to WebSocket
[2025-08-26 21:58:47] [INFO] net.dv8tion.jda.api.JDA - Finished (Re)Loading!
[2025-08-26 23:10:36] [WARN] net.dv8tion.jda.internal.requests.WebSocketClient - Reconnect failed! Next attempt in 2s
